<?xml version="1.0" encoding="UTF-8"?>
<testsuite xmlns:xsi="http://www.w3.org/2001/XMLSchema-instance" xsi:noNamespaceSchemaLocation="https://maven.apache.org/surefire/maven-surefire-plugin/xsd/surefire-test-report.xsd" name="OpenwebinarsTests" time="0.009" tests="2" errors="0" skipped="0" failures="0">
  <properties>
[...]
</properties>
  <testcase name="segundaPrueba" classname="OpenwebinarsTests" time="0.006"/>
  <testcase name="primeraPrueba" classname="OpenwebinarsTests" time="0.001"/>
</testsuite>